
Ingesting: /home/varjitt/Downloads/2016-2021 Lexus GX460 Repair Manual 
(RM27D0U).pdf
Vehicle: Lexus GX460 (2016-2021)

Initializing databases...
PostgreSQL ready.
Databases ready.


Extracted 485 pages with text.

Created 58 chunks.

58 new chunks to process.

Creating vehicle nodes...
Created 6 vehicle nodes.

  [1/58] chunk 3: 0 nodes, 0 rels
  [2/58] chunk 6: 0 nodes, 0 rels
  [3/58] chunk 7: 0 nodes, 0 rels
  [4/58] chunk 8: 0 nodes, 0 rels
  [5/58] chunk 2: 0 nodes, 0 rels
  [6/58] chunk 4: 0 nodes, 0 rels
  [7/58] chunk 5: 0 nodes, 0 rels
  [8/58] chunk 1: 0 nodes, 0 rels
  [9/58] chunk 9: 0 nodes, 0 rels
  [10/58] chunk 12: 0 nodes, 0 rels
  [11/58] chunk 17: 0 nodes, 0 rels
  [12/58] chunk 11: 0 nodes, 0 rels
  [13/58] chunk 10: 0 nodes, 0 rels
  [14/58] chunk 16: 0 nodes, 0 rels
  [15/58] chunk 13: 0 nodes, 0 rels
  [16/58] chunk 15: 0 nodes, 0 rels
  [17/58] chunk 19: 0 nodes, 0 rels
  [18/58] chunk 20: 0 nodes, 0 rels
  [19/58] chunk 18: 0 nodes, 0 rels
  [20/58] chunk 21: 0 nodes, 0 rels
  [21/58] chunk 22: 0 nodes, 0 rels
  [22/58] chunk 14: 0 nodes, 0 rels
  [23/58] chunk 23: 0 nodes, 0 rels
  [24/58] chunk 24: 0 nodes, 0 rels
  [25/58] chunk 25: 0 nodes, 0 rels
  [26/58] chunk 27: 0 nodes, 0 rels
  [27/58] chunk 29: 0 nodes, 0 rels
  [28/58] chunk 26: 0 nodes, 0 rels
  [29/58] chunk 31: 0 nodes, 0 rels
  [30/58] chunk 28: 0 nodes, 0 rels
  [31/58] chunk 30: 0 nodes, 0 rels
  [32/58] chunk 33: 0 nodes, 0 rels
  [33/58] chunk 34: 0 nodes, 0 rels
  [34/58] chunk 32: 0 nodes, 0 rels
  [35/58] chunk 35: 0 nodes, 0 rels
  [36/58] chunk 36: 0 nodes, 0 rels
  [37/58] chunk 38: 0 nodes, 0 rels
  [38/58] chunk 37: 0 nodes, 0 rels
  [39/58] chunk 39: 0 nodes, 0 rels
  [40/58] chunk 41: 0 nodes, 0 rels
  [41/58] chunk 40: 0 nodes, 0 rels
  [42/58] chunk 42: 0 nodes, 0 rels
  [43/58] chunk 43: 0 nodes, 0 rels
  [44/58] chunk 45: 0 nodes, 0 rels
  [45/58] chunk 46: 0 nodes, 0 rels
  [46/58] chunk 47: 0 nodes, 0 rels
  [47/58] chunk 49: 0 nodes, 0 rels
  [48/58] chunk 51: 0 nodes, 0 rels
  [49/58] chunk 48: 0 nodes, 0 rels
  [50/58] chunk 44: 0 nodes, 0 rels
  [51/58] chunk 50: 0 nodes, 0 rels
  [52/58] chunk 52: 0 nodes, 0 rels
  [53/58] chunk 53: 0 nodes, 0 rels
  [54/58] chunk 54: 0 nodes, 0 rels
  [55/58] chunk 55: 0 nodes, 0 rels
  [56/58] chunk 56: 0 nodes, 0 rels
  [57/58] chunk 58: 0 nodes, 0 rels
  [58/58] chunk 57: 0 nodes, 0 rels
  58/58 done (chunk 57: 0 nodes, 0 rels) ━━━━━━━━━━━━━━━━━━━━━━━━━━━━━━━━━━ 100%
No unresolved cross-references found.

Building graph from extractions...

Graph built: 0 nodes, 0 relationships
Unique nodes: 0

Storing chunks in PostgreSQL...
Stored 58 chunks.

Generating embeddings for 58 chunks...
Generated 58 embeddings.

Writing embeddings to PostgreSQL...
Embedded 58 chunks.

Ingestion complete!
