
Ingesting: /home/varjitt/Downloads/2016-2021 Lexus GX460 Repair Manual 
(RM27D0U).pdf
Vehicle: Lexus GX460 (2016-2021)

Initializing databases...
PostgreSQL ready.
Databases ready.


Extracted 486 pages with text.

Created 72 chunks.

72 new chunks to process.

Creating vehicle nodes...
Created 6 vehicle nodes.

  [1/72] chunk 6: 0 nodes, 0 rels
  [2/72] chunk 4: 0 nodes, 0 rels
  [3/72] chunk 3: 0 nodes, 0 rels
  [4/72] chunk 8: 0 nodes, 0 rels
  [5/72] chunk 7: 0 nodes, 0 rels
  [6/72] chunk 5: 0 nodes, 0 rels
  [7/72] chunk 2: 0 nodes, 0 rels
  [8/72] chunk 1: 0 nodes, 0 rels
  [9/72] chunk 11: 0 nodes, 0 rels
  [10/72] chunk 13: 0 nodes, 0 rels
  [11/72] chunk 9: 0 nodes, 0 rels
  [12/72] chunk 14: 0 nodes, 0 rels
  [13/72] chunk 17: 0 nodes, 0 rels
  [14/72] chunk 12: 0 nodes, 0 rels
  [15/72] chunk 16: 0 nodes, 0 rels
  [16/72] chunk 10: 0 nodes, 0 rels
  [17/72] chunk 18: 0 nodes, 0 rels
  [18/72] chunk 19: 0 nodes, 0 rels
  [19/72] chunk 15: 0 nodes, 0 rels
  [20/72] chunk 20: 0 nodes, 0 rels
  [21/72] chunk 21: 0 nodes, 0 rels
  [22/72] chunk 22: 0 nodes, 0 rels
  [23/72] chunk 23: 0 nodes, 0 rels
  [24/72] chunk 25: 0 nodes, 0 rels
  [25/72] chunk 24: 0 nodes, 0 rels
  [26/72] chunk 26: 0 nodes, 0 rels
  [27/72] chunk 27: 0 nodes, 0 rels
  [28/72] chunk 28: 0 nodes, 0 rels
  [29/72] chunk 29: 0 nodes, 0 rels
  [30/72] chunk 30: 0 nodes, 0 rels
  [31/72] chunk 31: 0 nodes, 0 rels
  [32/72] chunk 33: 0 nodes, 0 rels
  [33/72] chunk 35: 0 nodes, 0 rels
  [34/72] chunk 36: 0 nodes, 0 rels
  [35/72] chunk 37: 0 nodes, 0 rels
  [36/72] chunk 38: 0 nodes, 0 rels
  [37/72] chunk 32: 0 nodes, 0 rels
  [38/72] chunk 39: 0 nodes, 0 rels
  [39/72] chunk 40: 0 nodes, 0 rels
  [40/72] chunk 34: 0 nodes, 0 rels
  [41/72] chunk 41: 0 nodes, 0 rels
  [42/72] chunk 42: 0 nodes, 0 rels
  [43/72] chunk 43: 0 nodes, 0 rels
  [44/72] chunk 44: 0 nodes, 0 rels
  [45/72] chunk 45: 0 nodes, 0 rels
  [46/72] chunk 46: 0 nodes, 0 rels
  [47/72] chunk 47: 0 nodes, 0 rels
  [48/72] chunk 48: 0 nodes, 0 rels
  [49/72] chunk 50: 0 nodes, 0 rels
  [50/72] chunk 51: 0 nodes, 0 rels
  [51/72] chunk 49: 0 nodes, 0 rels
  [52/72] chunk 52: 0 nodes, 0 rels
  [53/72] chunk 54: 0 nodes, 0 rels
  [54/72] chunk 53: 0 nodes, 0 rels
  [55/72] chunk 56: 0 nodes, 0 rels
  [56/72] chunk 57: 0 nodes, 0 rels
  [57/72] chunk 58: 0 nodes, 0 rels
  [58/72] chunk 59: 0 nodes, 0 rels
  [59/72] chunk 60: 0 nodes, 0 rels
  [60/72] chunk 61: 0 nodes, 0 rels
  [61/72] chunk 63: 0 nodes, 0 rels
  [62/72] chunk 64: 0 nodes, 0 rels
  [63/72] chunk 62: 0 nodes, 0 rels
  [64/72] chunk 65: 0 nodes, 0 rels
  [65/72] chunk 67: 0 nodes, 0 rels
  [66/72] chunk 68: 0 nodes, 0 rels
  [67/72] chunk 66: 0 nodes, 0 rels
  [68/72] chunk 55: 0 nodes, 0 rels
  [69/72] chunk 71: 0 nodes, 0 rels
  [70/72] chunk 72: 0 nodes, 0 rels
  [71/72] chunk 70: 0 nodes, 0 rels
  [72/72] chunk 69: 0 nodes, 0 rels
  72/72 done (chunk 69: 0 nodes, 0 rels) ━━━━━━━━━━━━━━━━━━━━━━━━━━━━━━━━━━ 100%
No unresolved cross-references found.

Building graph from extractions...

Graph built: 0 nodes, 0 relationships
Unique nodes: 0

Storing chunks in PostgreSQL...
Stored 72 chunks.

Generating embeddings for 72 chunks...
Generated 72 embeddings.

Writing embeddings to PostgreSQL...
Embedded 72 chunks.

Ingestion complete!
