
Ingesting: /home/varjitt/Downloads/2016-2021 Lexus GX460 Repair Manual 
(RM27D0U).pdf
Vehicle: Lexus GX460 (2016-2021)

Initializing databases...
PostgreSQL ready.
Databases ready.


Extracted 486 pages with text.

Created 66 chunks.

66 new chunks to process.

Creating vehicle nodes...
Created 6 vehicle nodes.

  [1/66] chunk 1: 0 nodes, 0 rels
  [2/66] chunk 6: 0 nodes, 0 rels
  [3/66] chunk 8: 0 nodes, 0 rels
  [4/66] chunk 4: 0 nodes, 0 rels
  [5/66] chunk 5: 0 nodes, 0 rels
  [6/66] chunk 7: 0 nodes, 0 rels
  [7/66] chunk 3: 0 nodes, 0 rels
  [8/66] chunk 11: 0 nodes, 0 rels
  [9/66] chunk 13: 0 nodes, 0 rels
  [10/66] chunk 12: 0 nodes, 0 rels
  [11/66] chunk 10: 0 nodes, 0 rels
  [12/66] chunk 9: 0 nodes, 0 rels
  [13/66] chunk 2: 0 nodes, 0 rels
  [14/66] chunk 16: 0 nodes, 0 rels
  [15/66] chunk 18: 0 nodes, 0 rels
  [16/66] chunk 14: 0 nodes, 0 rels
  [17/66] chunk 19: 0 nodes, 0 rels
  [18/66] chunk 17: 0 nodes, 0 rels
  [19/66] chunk 20: 0 nodes, 0 rels
  [20/66] chunk 15: 0 nodes, 0 rels
  [21/66] chunk 22: 0 nodes, 0 rels
  [22/66] chunk 23: 0 nodes, 0 rels
  [23/66] chunk 21: 0 nodes, 0 rels
  [24/66] chunk 25: 0 nodes, 0 rels
  [25/66] chunk 28: 0 nodes, 0 rels
  [26/66] chunk 27: 0 nodes, 0 rels
  [27/66] chunk 26: 0 nodes, 0 rels
  [28/66] chunk 24: 0 nodes, 0 rels
  [29/66] chunk 29: 0 nodes, 0 rels
  [30/66] chunk 30: 0 nodes, 0 rels
  [31/66] chunk 31: 0 nodes, 0 rels
  [32/66] chunk 32: 0 nodes, 0 rels
  [33/66] chunk 35: 0 nodes, 0 rels
  [34/66] chunk 37: 0 nodes, 0 rels
  [35/66] chunk 36: 0 nodes, 0 rels
  [36/66] chunk 39: 0 nodes, 0 rels
  [37/66] chunk 38: 0 nodes, 0 rels
  [38/66] chunk 40: 0 nodes, 0 rels
  [39/66] chunk 33: 0 nodes, 0 rels
  [40/66] chunk 41: 0 nodes, 0 rels
  [41/66] chunk 34: 0 nodes, 0 rels
  [42/66] chunk 42: 0 nodes, 0 rels
  [43/66] chunk 43: 0 nodes, 0 rels
  [44/66] chunk 44: 0 nodes, 0 rels
  [45/66] chunk 45: 0 nodes, 0 rels
  [46/66] chunk 47: 0 nodes, 0 rels
  [47/66] chunk 48: 0 nodes, 0 rels
  [48/66] chunk 49: 0 nodes, 0 rels
  [49/66] chunk 51: 0 nodes, 0 rels
  [50/66] chunk 50: 0 nodes, 0 rels
  [51/66] chunk 53: 0 nodes, 0 rels
  [52/66] chunk 52: 0 nodes, 0 rels
  [53/66] chunk 54: 0 nodes, 0 rels
  [54/66] chunk 55: 0 nodes, 0 rels
  [55/66] chunk 57: 0 nodes, 0 rels
  [56/66] chunk 58: 0 nodes, 0 rels
  [57/66] chunk 46: 0 nodes, 0 rels
  [58/66] chunk 60: 0 nodes, 0 rels
  [59/66] chunk 59: 0 nodes, 0 rels
  [60/66] chunk 56: 0 nodes, 0 rels
  [61/66] chunk 61: 0 nodes, 0 rels
  [62/66] chunk 62: 0 nodes, 0 rels
  [63/66] chunk 63: 0 nodes, 0 rels
  [64/66] chunk 64: 0 nodes, 0 rels
  [65/66] chunk 65: 0 nodes, 0 rels
  [66/66] chunk 66: 0 nodes, 0 rels
  66/66 done (chunk 66: 0 nodes, 0 rels) ━━━━━━━━━━━━━━━━━━━━━━━━━━━━━━━━━━ 100%
No unresolved cross-references found.

Building graph from extractions...

Graph built: 0 nodes, 0 relationships
Unique nodes: 0

Storing chunks in PostgreSQL...
Stored 66 chunks.

Generating embeddings for 66 chunks...
Generated 66 embeddings.

Writing embeddings to PostgreSQL...
Embedded 66 chunks.

Ingestion complete!
